# mur		muf		alpsfact	dynamical_scale	pdf		cross-section
1.0		1.0		1.0		-1		263400		0.00266677330854
0.5		0.5		1.0		-1		263400		0.00290241465646
0.5		0.5		1.0		1		263400		0.00295674879167
0.5		0.5		1.0		2		263400		0.00295392665634
0.5		0.5		1.0		3		263400		0.00323572758266
0.5		0.5		1.0		4		263400		0.00290241465648
0.5		1.0		1.0		-1		263400		0.00266677330854
0.5		1.0		1.0		1		263400		0.00271374390743
0.5		1.0		1.0		2		263400		0.00271129663509
0.5		1.0		1.0		3		263400		0.00295392665634
0.5		1.0		1.0		4		263400		0.00266677330855
0.5		2.0		1.0		-1		263400		0.00246174631442
0.5		2.0		1.0		1		263400		0.00250269828845
0.5		2.0		1.0		2		263400		0.00250055787037
0.5		2.0		1.0		3		263400		0.00271129663509
0.5		2.0		1.0		4		263400		0.00246174631443
1.0		0.5		1.0		-1		263400		0.00290241465646
1.0		0.5		1.0		1		263400		0.00295674879167
1.0		0.5		1.0		2		263400		0.00295392665634
1.0		0.5		1.0		3		263400		0.00323572758266
1.0		0.5		1.0		4		263400		0.00290241465648
1.0		1.0		1.0		1		263400		0.00271374390743
1.0		1.0		1.0		2		263400		0.00271129663509
1.0		1.0		1.0		3		263400		0.00295392665634
1.0		1.0		1.0		4		263400		0.00266677330855
1.0		2.0		1.0		-1		263400		0.00246174631442
1.0		2.0		1.0		1		263400		0.00250269828845
1.0		2.0		1.0		2		263400		0.00250055787037
1.0		2.0		1.0		3		263400		0.00271129663509
1.0		2.0		1.0		4		263400		0.00246174631443
2.0		0.5		1.0		-1		263400		0.00290241465646
2.0		0.5		1.0		1		263400		0.00295674879167
2.0		0.5		1.0		2		263400		0.00295392665634
2.0		0.5		1.0		3		263400		0.00323572758266
2.0		0.5		1.0		4		263400		0.00290241465648
2.0		1.0		1.0		-1		263400		0.00266677330854
2.0		1.0		1.0		1		263400		0.00271374390743
2.0		1.0		1.0		2		263400		0.00271129663509
2.0		1.0		1.0		3		263400		0.00295392665634
2.0		1.0		1.0		4		263400		0.00266677330855
2.0		2.0		1.0		-1		263400		0.00246174631442
2.0		2.0		1.0		1		263400		0.00250269828845
2.0		2.0		1.0		2		263400		0.00250055787037
2.0		2.0		1.0		3		263400		0.00271129663509
2.0		2.0		1.0		4		263400		0.00246174631443
1.0		1.0		1.0		-1		247000		0.00187114031762
1.0		1.0		1.0		-1		247001		0.00196129371288
1.0		1.0		1.0		-1		247002		0.00187802120517
1.0		1.0		1.0		-1		247003		0.00177471825379
1.0		1.0		1.0		-1		247004		0.00197843498722
1.0		1.0		1.0		-1		247005		0.00160419949417
1.0		1.0		1.0		-1		247006		0.00170598987493
1.0		1.0		1.0		-1		247007		0.00197280811434
1.0		1.0		1.0		-1		247008		0.00201234202426
1.0		1.0		1.0		-1		247009		0.00189878169402
1.0		1.0		1.0		-1		247010		0.00182953277244
1.0		1.0		1.0		-1		247011		0.00176893917199
1.0		1.0		1.0		-1		247012		0.00168754984075
1.0		1.0		1.0		-1		247013		0.00213110520187
1.0		1.0		1.0		-1		247014		0.00191256364991
1.0		1.0		1.0		-1		247015		0.00193005366982
1.0		1.0		1.0		-1		247016		0.00176142607184
1.0		1.0		1.0		-1		247017		0.00186083879857
1.0		1.0		1.0		-1		247018		0.00193550627454
1.0		1.0		1.0		-1		247019		0.00171098781288
1.0		1.0		1.0		-1		247020		0.0015446029977
1.0		1.0		1.0		-1		247021		0.00173224143588
1.0		1.0		1.0		-1		247022		0.00202071490134
1.0		1.0		1.0		-1		247023		0.00173974012864
1.0		1.0		1.0		-1		247024		0.00177948497154
1.0		1.0		1.0		-1		247025		0.0022088267504
1.0		1.0		1.0		-1		247026		0.00165322268327
1.0		1.0		1.0		-1		247027		0.00171054931645
1.0		1.0		1.0		-1		247028		0.00205998179121
1.0		1.0		1.0		-1		247029		0.00182483898429
1.0		1.0		1.0		-1		247030		0.00188311622522
1.0		1.0		1.0		-1		247031		0.00186300272872
1.0		1.0		1.0		-1		247032		0.00165733327248
1.0		1.0		1.0		-1		247033		0.00173608695663
1.0		1.0		1.0		-1		247034		0.00195781621024
1.0		1.0		1.0		-1		247035		0.00158560915199
1.0		1.0		1.0		-1		247036		0.0019899905039
1.0		1.0		1.0		-1		247037		0.00194184587919
1.0		1.0		1.0		-1		247038		0.00191523068302
1.0		1.0		1.0		-1		247039		0.00183357037613
1.0		1.0		1.0		-1		247040		0.00183772446895
1.0		1.0		1.0		-1		247041		0.0022551844932
1.0		1.0		1.0		-1		247042		0.00197933163375
1.0		1.0		1.0		-1		247043		0.00190099272801
1.0		1.0		1.0		-1		247044		0.00218665486653
1.0		1.0		1.0		-1		247045		0.00203259073628
1.0		1.0		1.0		-1		247046		0.00160351869099
1.0		1.0		1.0		-1		247047		0.00178286798693
1.0		1.0		1.0		-1		247048		0.0018557685643
1.0		1.0		1.0		-1		247049		0.00203200646416
1.0		1.0		1.0		-1		247050		0.00172014228236
1.0		1.0		1.0		-1		247051		0.00187603238815
1.0		1.0		1.0		-1		247052		0.00178339983882
1.0		1.0		1.0		-1		247053		0.00198219151529
1.0		1.0		1.0		-1		247054		0.00191117515133
1.0		1.0		1.0		-1		247055		0.00154126241967
1.0		1.0		1.0		-1		247056		0.00193758852117
1.0		1.0		1.0		-1		247057		0.00197673329045
1.0		1.0		1.0		-1		247058		0.00205616508856
1.0		1.0		1.0		-1		247059		0.00186226854131
1.0		1.0		1.0		-1		247060		0.00191965111799
1.0		1.0		1.0		-1		247061		0.00190907862449
1.0		1.0		1.0		-1		247062		0.00189529317847
1.0		1.0		1.0		-1		247063		0.00163376209578
1.0		1.0		1.0		-1		247064		0.00186856058172
1.0		1.0		1.0		-1		247065		0.0019551959236
1.0		1.0		1.0		-1		247066		0.00178056755721
1.0		1.0		1.0		-1		247067		0.00172683702679
1.0		1.0		1.0		-1		247068		0.00204819353204
1.0		1.0		1.0		-1		247069		0.00171321257211
1.0		1.0		1.0		-1		247070		0.00162942772365
1.0		1.0		1.0		-1		247071		0.00193830900368
1.0		1.0		1.0		-1		247072		0.00170175810394
1.0		1.0		1.0		-1		247073		0.00192399344114
1.0		1.0		1.0		-1		247074		0.00211773430279
1.0		1.0		1.0		-1		247075		0.0018651850674
1.0		1.0		1.0		-1		247076		0.00191174088878
1.0		1.0		1.0		-1		247077		0.00184408430038
1.0		1.0		1.0		-1		247078		0.00197095421102
1.0		1.0		1.0		-1		247079		0.00189254622394
1.0		1.0		1.0		-1		247080		0.00185586818986
1.0		1.0		1.0		-1		247081		0.00190103356637
1.0		1.0		1.0		-1		247082		0.0019726462882
1.0		1.0		1.0		-1		247083		0.00176663472067
1.0		1.0		1.0		-1		247084		0.00189349442025
1.0		1.0		1.0		-1		247085		0.00169349922932
1.0		1.0		1.0		-1		247086		0.00185553061717
1.0		1.0		1.0		-1		247087		0.00187385793884
1.0		1.0		1.0		-1		247088		0.00220866709735
1.0		1.0		1.0		-1		247089		0.00181619318179
1.0		1.0		1.0		-1		247090		0.00164102232486
1.0		1.0		1.0		-1		247091		0.00206660129268
1.0		1.0		1.0		-1		247092		0.00203336381213
1.0		1.0		1.0		-1		247093		0.00189163806856
1.0		1.0		1.0		-1		247094		0.00212529322565
1.0		1.0		1.0		-1		247095		0.00171655110582
1.0		1.0		1.0		-1		247096		0.00194827285747
1.0		1.0		1.0		-1		247097		0.001579349487
1.0		1.0		1.0		-1		247098		0.0019735875718
1.0		1.0		1.0		-1		247099		0.00184066833618
1.0		1.0		1.0		-1		247100		0.00202984983796

#***************************************************************************
#
# original cross-section: 0.00266677330854
#     scale variation: +8.84% -7.69%
#     central scheme variation: +10.8% - 0%
#
#PDF NNPDF23_lo_as_0130_qed: 0.00186996 +5.74% -5.74%
# dynamical scheme # 1 : 0.00271374 +8.95% -7.78% # \sum ET
# dynamical scheme # 2 : 0.0027113 +8.95% -7.77% # \sum\sqrt{m^2+pt^2}
# dynamical scheme # 3 : 0.00295393 +9.54% -8.21% # 0.5 \sum\sqrt{m^2+pt^2}
# dynamical scheme # 4 : 0.00266677 +8.84% -7.69% # \sqrt{\hat s}
#***************************************************************************
