# mur		muf		alpsfact	dynamical_scale	pdf		cross-section
1.0		1.0		1.0		-1		263400		0.0425488725776
0.5		0.5		1.0		-1		263400		0.0449185413153
0.5		0.5		1.0		1		263400		0.0454954897677
0.5		0.5		1.0		2		263400		0.0453982495976
0.5		0.5		1.0		3		263400		0.0480570007574
0.5		0.5		1.0		4		263400		0.0449185413153
0.5		1.0		1.0		-1		263400		0.0425488725776
0.5		1.0		1.0		1		263400		0.0430727211336
0.5		1.0		1.0		2		263400		0.0429847125155
0.5		1.0		1.0		3		263400		0.0453982495976
0.5		1.0		1.0		4		263400		0.0425488725776
0.5		2.0		1.0		-1		263400		0.0403918226346
0.5		2.0		1.0		1		263400		0.0408686747266
0.5		2.0		1.0		2		263400		0.0407887963504
0.5		2.0		1.0		3		263400		0.0429847125155
0.5		2.0		1.0		4		263400		0.0403918226346
1.0		0.5		1.0		-1		263400		0.0449185413153
1.0		0.5		1.0		1		263400		0.0454954897677
1.0		0.5		1.0		2		263400		0.0453982495976
1.0		0.5		1.0		3		263400		0.0480570007574
1.0		0.5		1.0		4		263400		0.0449185413153
1.0		1.0		1.0		1		263400		0.0430727211336
1.0		1.0		1.0		2		263400		0.0429847125155
1.0		1.0		1.0		3		263400		0.0453982495976
1.0		1.0		1.0		4		263400		0.0425488725776
1.0		2.0		1.0		-1		263400		0.0403918226346
1.0		2.0		1.0		1		263400		0.0408686747266
1.0		2.0		1.0		2		263400		0.0407887963504
1.0		2.0		1.0		3		263400		0.0429847125155
1.0		2.0		1.0		4		263400		0.0403918226346
2.0		0.5		1.0		-1		263400		0.0449185413153
2.0		0.5		1.0		1		263400		0.0454954897677
2.0		0.5		1.0		2		263400		0.0453982495976
2.0		0.5		1.0		3		263400		0.0480570007574
2.0		0.5		1.0		4		263400		0.0449185413153
2.0		1.0		1.0		-1		263400		0.0425488725776
2.0		1.0		1.0		1		263400		0.0430727211336
2.0		1.0		1.0		2		263400		0.0429847125155
2.0		1.0		1.0		3		263400		0.0453982495976
2.0		1.0		1.0		4		263400		0.0425488725776
2.0		2.0		1.0		-1		263400		0.0403918226346
2.0		2.0		1.0		1		263400		0.0408686747266
2.0		2.0		1.0		2		263400		0.0407887963504
2.0		2.0		1.0		3		263400		0.0429847125155
2.0		2.0		1.0		4		263400		0.0403918226346
1.0		1.0		1.0		-1		247000		0.0322057545262
1.0		1.0		1.0		-1		247001		0.03363090137
1.0		1.0		1.0		-1		247002		0.0317616645433
1.0		1.0		1.0		-1		247003		0.0307986722598
1.0		1.0		1.0		-1		247004		0.0334786674113
1.0		1.0		1.0		-1		247005		0.0276589495884
1.0		1.0		1.0		-1		247006		0.0306931412855
1.0		1.0		1.0		-1		247007		0.0335047974567
1.0		1.0		1.0		-1		247008		0.0335955178708
1.0		1.0		1.0		-1		247009		0.0316008311135
1.0		1.0		1.0		-1		247010		0.0306693039332
1.0		1.0		1.0		-1		247011		0.0329369392146
1.0		1.0		1.0		-1		247012		0.0293607208551
1.0		1.0		1.0		-1		247013		0.0351379192881
1.0		1.0		1.0		-1		247014		0.0317238440997
1.0		1.0		1.0		-1		247015		0.0329165954658
1.0		1.0		1.0		-1		247016		0.0319343177514
1.0		1.0		1.0		-1		247017		0.0328919647295
1.0		1.0		1.0		-1		247018		0.0336784965298
1.0		1.0		1.0		-1		247019		0.0302656491892
1.0		1.0		1.0		-1		247020		0.0290396235045
1.0		1.0		1.0		-1		247021		0.031523288062
1.0		1.0		1.0		-1		247022		0.0342093475717
1.0		1.0		1.0		-1		247023		0.0285190947351
1.0		1.0		1.0		-1		247024		0.0308545262607
1.0		1.0		1.0		-1		247025		0.0347647292608
1.0		1.0		1.0		-1		247026		0.0307170737365
1.0		1.0		1.0		-1		247027		0.0307310856531
1.0		1.0		1.0		-1		247028		0.034041485337
1.0		1.0		1.0		-1		247029		0.0295359165394
1.0		1.0		1.0		-1		247030		0.0309023503518
1.0		1.0		1.0		-1		247031		0.0323557421371
1.0		1.0		1.0		-1		247032		0.0319827686155
1.0		1.0		1.0		-1		247033		0.0314124022882
1.0		1.0		1.0		-1		247034		0.0327881212222
1.0		1.0		1.0		-1		247035		0.0317169411144
1.0		1.0		1.0		-1		247036		0.0337487202995
1.0		1.0		1.0		-1		247037		0.0321835388124
1.0		1.0		1.0		-1		247038		0.0318305223859
1.0		1.0		1.0		-1		247039		0.0328487367299
1.0		1.0		1.0		-1		247040		0.0322383800949
1.0		1.0		1.0		-1		247041		0.0362899126541
1.0		1.0		1.0		-1		247042		0.0331082439542
1.0		1.0		1.0		-1		247043		0.0316082882864
1.0		1.0		1.0		-1		247044		0.0379752181084
1.0		1.0		1.0		-1		247045		0.0359912473354
1.0		1.0		1.0		-1		247046		0.028964886012
1.0		1.0		1.0		-1		247047		0.0328111561879
1.0		1.0		1.0		-1		247048		0.0320492808086
1.0		1.0		1.0		-1		247049		0.0343055310251
1.0		1.0		1.0		-1		247050		0.0308307219991
1.0		1.0		1.0		-1		247051		0.0317916003725
1.0		1.0		1.0		-1		247052		0.0324788683659
1.0		1.0		1.0		-1		247053		0.0331959969855
1.0		1.0		1.0		-1		247054		0.0340924403268
1.0		1.0		1.0		-1		247055		0.0296224453801
1.0		1.0		1.0		-1		247056		0.0309162581305
1.0		1.0		1.0		-1		247057		0.0324415770604
1.0		1.0		1.0		-1		247058		0.0338499653803
1.0		1.0		1.0		-1		247059		0.0314336815073
1.0		1.0		1.0		-1		247060		0.0317695321048
1.0		1.0		1.0		-1		247061		0.033455114351
1.0		1.0		1.0		-1		247062		0.0318683854212
1.0		1.0		1.0		-1		247063		0.031927762264
1.0		1.0		1.0		-1		247064		0.0325537391125
1.0		1.0		1.0		-1		247065		0.0335791636473
1.0		1.0		1.0		-1		247066		0.0318412353633
1.0		1.0		1.0		-1		247067		0.0302564236412
1.0		1.0		1.0		-1		247068		0.0332866253273
1.0		1.0		1.0		-1		247069		0.0309002134733
1.0		1.0		1.0		-1		247070		0.0303113525383
1.0		1.0		1.0		-1		247071		0.031601057027
1.0		1.0		1.0		-1		247072		0.0305506502205
1.0		1.0		1.0		-1		247073		0.0318659744703
1.0		1.0		1.0		-1		247074		0.0343891519513
1.0		1.0		1.0		-1		247075		0.0319828659268
1.0		1.0		1.0		-1		247076		0.0324289089343
1.0		1.0		1.0		-1		247077		0.0322201728773
1.0		1.0		1.0		-1		247078		0.0336613156904
1.0		1.0		1.0		-1		247079		0.0309165724291
1.0		1.0		1.0		-1		247080		0.0287894461552
1.0		1.0		1.0		-1		247081		0.0329931397933
1.0		1.0		1.0		-1		247082		0.0333429512162
1.0		1.0		1.0		-1		247083		0.0321358707856
1.0		1.0		1.0		-1		247084		0.0308797758632
1.0		1.0		1.0		-1		247085		0.0300855279573
1.0		1.0		1.0		-1		247086		0.0326312267876
1.0		1.0		1.0		-1		247087		0.0314805318436
1.0		1.0		1.0		-1		247088		0.0369133168034
1.0		1.0		1.0		-1		247089		0.0303293946161
1.0		1.0		1.0		-1		247090		0.0296269956293
1.0		1.0		1.0		-1		247091		0.033027179071
1.0		1.0		1.0		-1		247092		0.0341331361042
1.0		1.0		1.0		-1		247093		0.033010434393
1.0		1.0		1.0		-1		247094		0.0363592146834
1.0		1.0		1.0		-1		247095		0.0296154933265
1.0		1.0		1.0		-1		247096		0.0316017618591
1.0		1.0		1.0		-1		247097		0.030948569067
1.0		1.0		1.0		-1		247098		0.0332220218069
1.0		1.0		1.0		-1		247099		0.0328783143249
1.0		1.0		1.0		-1		247100		0.0346247229735

#***************************************************************************
#
# original cross-section: 0.0425488725776
#     scale variation: +5.57% -5.07%
#     central scheme variation: +6.7% - 0%
#
#PDF NNPDF23_lo_as_0130_qed: 0.0321994 +4.31% -4.31%
# dynamical scheme # 1 : 0.0430727 +5.62% -5.12% # \sum ET
# dynamical scheme # 2 : 0.0429847 +5.61% -5.11% # \sum\sqrt{m^2+pt^2}
# dynamical scheme # 3 : 0.0453982 +5.86% -5.32% # 0.5 \sum\sqrt{m^2+pt^2}
# dynamical scheme # 4 : 0.0425489 +5.57% -5.07% # \sqrt{\hat s}
#***************************************************************************
