# mur		muf		alpsfact	dynamical_scale	pdf		cross-section
1.0		1.0		1.0		-1		263400		0.14711
0.5		0.5		1.0		-1		263400		0.152778420127
0.5		0.5		1.0		1		263400		0.15435532502
0.5		0.5		1.0		2		263400		0.15384928394
0.5		0.5		1.0		3		263400		0.159837689944
0.5		0.5		1.0		4		263400		0.152778420123
0.5		1.0		1.0		-1		263400		0.14711
0.5		1.0		1.0		1		263400		0.148606108946
0.5		1.0		1.0		2		263400		0.148128180811
0.5		1.0		1.0		3		263400		0.15384928394
0.5		1.0		1.0		4		263400		0.147109999997
0.5		2.0		1.0		-1		263400		0.141736866764
0.5		2.0		1.0		1		263400		0.143149540807
0.5		2.0		1.0		2		263400		0.142700027864
0.5		2.0		1.0		3		263400		0.148128180811
0.5		2.0		1.0		4		263400		0.141736866761
1.0		0.5		1.0		-1		263400		0.152778420127
1.0		0.5		1.0		1		263400		0.15435532502
1.0		0.5		1.0		2		263400		0.15384928394
1.0		0.5		1.0		3		263400		0.159837689944
1.0		0.5		1.0		4		263400		0.152778420123
1.0		1.0		1.0		1		263400		0.148606108946
1.0		1.0		1.0		2		263400		0.148128180811
1.0		1.0		1.0		3		263400		0.15384928394
1.0		1.0		1.0		4		263400		0.147109999997
1.0		2.0		1.0		-1		263400		0.141736866764
1.0		2.0		1.0		1		263400		0.143149540807
1.0		2.0		1.0		2		263400		0.142700027864
1.0		2.0		1.0		3		263400		0.148128180811
1.0		2.0		1.0		4		263400		0.141736866761
2.0		0.5		1.0		-1		263400		0.152778420127
2.0		0.5		1.0		1		263400		0.15435532502
2.0		0.5		1.0		2		263400		0.15384928394
2.0		0.5		1.0		3		263400		0.159837689944
2.0		0.5		1.0		4		263400		0.152778420123
2.0		1.0		1.0		-1		263400		0.14711
2.0		1.0		1.0		1		263400		0.148606108946
2.0		1.0		1.0		2		263400		0.148128180811
2.0		1.0		1.0		3		263400		0.15384928394
2.0		1.0		1.0		4		263400		0.147109999997
2.0		2.0		1.0		-1		263400		0.141736866764
2.0		2.0		1.0		1		263400		0.143149540807
2.0		2.0		1.0		2		263400		0.142700027864
2.0		2.0		1.0		3		263400		0.148128180811
2.0		2.0		1.0		4		263400		0.141736866761
1.0		1.0		1.0		-1		247000		0.117443620668
1.0		1.0		1.0		-1		247001		0.12160080386
1.0		1.0		1.0		-1		247002		0.11554042642
1.0		1.0		1.0		-1		247003		0.112956092826
1.0		1.0		1.0		-1		247004		0.119673834057
1.0		1.0		1.0		-1		247005		0.103359635348
1.0		1.0		1.0		-1		247006		0.113930781316
1.0		1.0		1.0		-1		247007		0.120036917129
1.0		1.0		1.0		-1		247008		0.121435285639
1.0		1.0		1.0		-1		247009		0.11520974862
1.0		1.0		1.0		-1		247010		0.111216857915
1.0		1.0		1.0		-1		247011		0.122211000611
1.0		1.0		1.0		-1		247012		0.109621257556
1.0		1.0		1.0		-1		247013		0.124898357703
1.0		1.0		1.0		-1		247014		0.114076662692
1.0		1.0		1.0		-1		247015		0.119341861689
1.0		1.0		1.0		-1		247016		0.120638020804
1.0		1.0		1.0		-1		247017		0.120857689209
1.0		1.0		1.0		-1		247018		0.122180433575
1.0		1.0		1.0		-1		247019		0.112314153376
1.0		1.0		1.0		-1		247020		0.10896429216
1.0		1.0		1.0		-1		247021		0.117238143458
1.0		1.0		1.0		-1		247022		0.123387873461
1.0		1.0		1.0		-1		247023		0.103162236882
1.0		1.0		1.0		-1		247024		0.112516755592
1.0		1.0		1.0		-1		247025		0.122244863373
1.0		1.0		1.0		-1		247026		0.114773784381
1.0		1.0		1.0		-1		247027		0.114891729562
1.0		1.0		1.0		-1		247028		0.122527424797
1.0		1.0		1.0		-1		247029		0.107175726856
1.0		1.0		1.0		-1		247030		0.112362842016
1.0		1.0		1.0		-1		247031		0.119278488384
1.0		1.0		1.0		-1		247032		0.118285152063
1.0		1.0		1.0		-1		247033		0.117200158085
1.0		1.0		1.0		-1		247034		0.11904002278
1.0		1.0		1.0		-1		247035		0.120059843637
1.0		1.0		1.0		-1		247036		0.121071906329
1.0		1.0		1.0		-1		247037		0.116599385977
1.0		1.0		1.0		-1		247038		0.115067188987
1.0		1.0		1.0		-1		247039		0.119809707484
1.0		1.0		1.0		-1		247040		0.117729225075
1.0		1.0		1.0		-1		247041		0.127424871686
1.0		1.0		1.0		-1		247042		0.119871237113
1.0		1.0		1.0		-1		247043		0.116288863711
1.0		1.0		1.0		-1		247044		0.133479087076
1.0		1.0		1.0		-1		247045		0.130349580959
1.0		1.0		1.0		-1		247046		0.107591299051
1.0		1.0		1.0		-1		247047		0.121334446235
1.0		1.0		1.0		-1		247048		0.116761204654
1.0		1.0		1.0		-1		247049		0.123562296999
1.0		1.0		1.0		-1		247050		0.114102526215
1.0		1.0		1.0		-1		247051		0.115765845495
1.0		1.0		1.0		-1		247052		0.119924111603
1.0		1.0		1.0		-1		247053		0.120213863575
1.0		1.0		1.0		-1		247054		0.124019027182
1.0		1.0		1.0		-1		247055		0.113542041351
1.0		1.0		1.0		-1		247056		0.109853957906
1.0		1.0		1.0		-1		247057		0.115762088065
1.0		1.0		1.0		-1		247058		0.120646756841
1.0		1.0		1.0		-1		247059		0.114861783111
1.0		1.0		1.0		-1		247060		0.115402383609
1.0		1.0		1.0		-1		247061		0.122947682451
1.0		1.0		1.0		-1		247062		0.115435492217
1.0		1.0		1.0		-1		247063		0.120310609805
1.0		1.0		1.0		-1		247064		0.119381080567
1.0		1.0		1.0		-1		247065		0.122761651279
1.0		1.0		1.0		-1		247066		0.117975968754
1.0		1.0		1.0		-1		247067		0.113164378758
1.0		1.0		1.0		-1		247068		0.119944804413
1.0		1.0		1.0		-1		247069		0.114153467171
1.0		1.0		1.0		-1		247070		0.114811894306
1.0		1.0		1.0		-1		247071		0.113673528357
1.0		1.0		1.0		-1		247072		0.113686247212
1.0		1.0		1.0		-1		247073		0.114529425707
1.0		1.0		1.0		-1		247074		0.122712060864
1.0		1.0		1.0		-1		247075		0.116682866347
1.0		1.0		1.0		-1		247076		0.118033704865
1.0		1.0		1.0		-1		247077		0.118392266609
1.0		1.0		1.0		-1		247078		0.123269165213
1.0		1.0		1.0		-1		247079		0.112054304737
1.0		1.0		1.0		-1		247080		0.104014892252
1.0		1.0		1.0		-1		247081		0.119742142685
1.0		1.0		1.0		-1		247082		0.120158156682
1.0		1.0		1.0		-1		247083		0.118023256121
1.0		1.0		1.0		-1		247084		0.111058329679
1.0		1.0		1.0		-1		247085		0.112055804622
1.0		1.0		1.0		-1		247086		0.118111885307
1.0		1.0		1.0		-1		247087		0.113640544287
1.0		1.0		1.0		-1		247088		0.128811254854
1.0		1.0		1.0		-1		247089		0.111326986766
1.0		1.0		1.0		-1		247090		0.110158610192
1.0		1.0		1.0		-1		247091		0.117649540886
1.0		1.0		1.0		-1		247092		0.123870911099
1.0		1.0		1.0		-1		247093		0.120329201628
1.0		1.0		1.0		-1		247094		0.127480450689
1.0		1.0		1.0		-1		247095		0.1099594914
1.0		1.0		1.0		-1		247096		0.113596755959
1.0		1.0		1.0		-1		247097		0.118500668153
1.0		1.0		1.0		-1		247098		0.120662539359
1.0		1.0		1.0		-1		247099		0.12146955377
1.0		1.0		1.0		-1		247100		0.124906476769

#***************************************************************************
#
# original cross-section: 0.14711
#     scale variation: +3.85% -3.65%
#     central scheme variation: +4.58% -2.35e-09%
#
#PDF NNPDF23_lo_as_0130_qed: 0.117447 +3.75% -3.75%
# dynamical scheme # 1 : 0.148606 +3.87% -3.67% # \sum ET
# dynamical scheme # 2 : 0.148128 +3.86% -3.66% # \sum\sqrt{m^2+pt^2}
# dynamical scheme # 3 : 0.153849 +3.89% -3.72% # 0.5 \sum\sqrt{m^2+pt^2}
# dynamical scheme # 4 : 0.14711 +3.85% -3.65% # \sqrt{\hat s}
#***************************************************************************
